<?xml version="1.0" encoding="UTF-8"?>
<!-- Generated by org.testng.reporters.JUnitReportReporter -->
<testsuite hostname="fadevpc3" failures="0" tests="2" name="utility.RecentlyPlayedSongsStoreTest" time="0.002" errors="0" timestamp="2023-08-03T16:00:03 IST" skipped="0">
  <testcase classname="utility.RecentlyPlayedSongsStoreTest" name="testRecentlyPlayedSongsUser2" time="0.000"/>
  <system-out/>
  <testcase classname="utility.RecentlyPlayedSongsStoreTest" name="testRecentlyPlayedSongs" time="0.002"/>
  <system-out/>
</testsuite> <!-- utility.RecentlyPlayedSongsStoreTest -->
